./docs/BOXY_INTEGRATION.md
./docs/boxy_python_integration_strategies.md
./docs/BOXY_README.md
./docs/HUB_STRAT.md
./docs/lics/LICENSE_COMMERCIAL.txt
./docs/lics/LICENSE_COMMUNITY.txt
./docs/lics/LICENSE_OVERVIEW.txt
./docs/REFACTOR_STRAT.md
./docs/UAT_COMMANDS.md
./docs/VERSION_STRAT.md
./.eggs/egg.1.boxy-color-preservation-debug.txt
./.eggs/egg.1.hub-ecosystem-analysis.txt
./.eggs/egg.1.readme-update.txt
./.eggs/egg.1.repos-command-validation.txt
./.eggs/egg.1.strategy-docs-analysis.txt
./.eggs/egg.2.boxy-integration-strategy.txt
./.eggs/egg.2.view-optimization-strategy.txt
./.eggs/egg.3.boxy-code-examples.txt
./.eggs/egg.3.repos-fast-implementation-analysis.txt
./META_PROCESS.txt
./README.md
./REFACTOR_NOTES.md
./.session/CONTINUE.md
./.session/SESSION_01_fast_view_ux.md
./.session/SESSOIN_03.md
./STALE_DOCS_TO_REMOVE.txt
./target/debug/build/assert_cmd-73525e9479647240/out/current_target.txt
./TASKS.txt
./.uat/v0.1.0/BUG_REGRESSION_01.md
./.uat/v0.1.0/BUG_REGRESSION_02.md
./.uat/v0.1.0/FEATHER_USABILITY_01.md
./.uat/v0.1.0/UAT_CERTIFIED_v0.1.0_LEVEL2.md
./UPDATE.txt
